<?xml version="1.0" encoding="UTF-8"?>
<!-- Generated by org.testng.reporters.JUnitReportReporter -->
<testsuite hostname="Peter-Praveen" name="com.straive.pageexecution.HomePageExecution" tests="3" failures="0" timestamp="25 Feb 2023 15:31:53 GMT" time="0.485" errors="0">
  <testcase name="billingTest" time="0.015" classname="com.straive.pageexecution.HomePageExecution"/>
  <testcase name="bookingTest" time="0.063" classname="com.straive.pageexecution.HomePageExecution"/>
  <testcase name="bookingLoginTest" time="0.407" classname="com.straive.pageexecution.HomePageExecution"/>
</testsuite> <!-- com.straive.pageexecution.HomePageExecution -->
